<?xml version="1.0" encoding="UTF-8"?>
<!-- Generated by org.testng.reporters.JUnitXMLReporter -->
<testsuite ignored="10" hostname="IND-CHN-LT10934" failures="17" tests="20" name="Console Application Regression Suite" time="1123.611" errors="0" timestamp="2023-11-02T12:04:20 IST">
  <testcase classname="com.qa.dt.test.AccountsDetailTest" name="verifyAccountsDetailPageAndLogout" time="32.469"/>
  <testcase classname="com.qa.dt.test.AppWorkspaceSelectTest" name="verifyApplicationProjectSelection" time="42.496">
    <failure type="java.lang.AssertionError" message="expected [digitaltwin | 2-4 Wilton Park] but found [PlatformReferenceApp | cTest]">
      <![CDATA[java.lang.AssertionError: expected [digitaltwin | 2-4 Wilton Park] but found [PlatformReferenceApp | cTest]
at com.qa.dt.base.BaseClass.comparetwoText(BaseClass.java:779)
at com.qa.dt.page.ProjectSelection.verifyAppProjectSelection(ProjectSelection.java:92)
at com.qa.dt.test.AppWorkspaceSelectTest.verifyApplicationProjectSelection(AppWorkspaceSelectTest.java:35)
at java.base/java.util.ArrayList.forEach(ArrayList.java:1511)
... Removed 33 stack frames]]>
    </failure>
  </testcase> <!-- verifyApplicationProjectSelection -->
  <testcase classname="com.qa.dt.test.AppWorkspaceSelectTest" name="verifyChangeAppProjectSelection" time="23.608">
    <failure type="java.lang.AssertionError" message="expected [digitaltwin | 2-4 Wilton Park] but found [PlatformReferenceApp | cTest]">
      <![CDATA[java.lang.AssertionError: expected [digitaltwin | 2-4 Wilton Park] but found [PlatformReferenceApp | cTest]
at com.qa.dt.base.BaseClass.comparetwoText(BaseClass.java:779)
at com.qa.dt.page.ProjectSelection.verifyAppProjectSelection(ProjectSelection.java:92)
at com.qa.dt.test.AppWorkspaceSelectTest.verifyChangeAppProjectSelection(AppWorkspaceSelectTest.java:57)
at java.base/java.util.ArrayList.forEach(ArrayList.java:1511)
... Removed 33 stack frames]]>
    </failure>
  </testcase> <!-- verifyChangeAppProjectSelection -->
  <testcase classname="com.qa.dt.test.FileServicesRegression" name="testData" time="44.066">
    <failure type="java.lang.AssertionError" message="expected [Application] but found [PlatformReferenceApp | cTest]">
      <![CDATA[java.lang.AssertionError: expected [Application] but found [PlatformReferenceApp | cTest]
at com.qa.dt.base.BaseClass.comparetwoText(BaseClass.java:779)
at com.qa.dt.page.ProjectSelection.verifyAppProjectSelection(ProjectSelection.java:92)
at com.qa.dt.page.ProjectSelection.selectApplicationAndWorkspace(ProjectSelection.java:111)
at com.qa.dt.test.FileServicesRegression.testData(FileServicesRegression.java:53)
at java.base/java.util.ArrayList.forEach(ArrayList.java:1511)
... Removed 33 stack frames]]>
    </failure>
  </testcase> <!-- testData -->
  <testcase classname="com.qa.dt.test.FileServicesRegression" name="verifyHierarchyOfFoldersDisplayed" time="43.879">
    <failure type="java.lang.AssertionError" message="expected [Application] but found [PlatformReferenceApp | cTest]">
      <![CDATA[java.lang.AssertionError: expected [Application] but found [PlatformReferenceApp | cTest]
at com.qa.dt.base.BaseClass.comparetwoText(BaseClass.java:779)
at com.qa.dt.page.ProjectSelection.verifyAppProjectSelection(ProjectSelection.java:92)
at com.qa.dt.page.ProjectSelection.selectApplicationAndWorkspace(ProjectSelection.java:111)
at com.qa.dt.test.FileServicesRegression.verifyHierarchyOfFoldersDisplayed(FileServicesRegression.java:91)
at java.base/java.util.ArrayList.forEach(ArrayList.java:1511)
... Removed 33 stack frames]]>
    </failure>
  </testcase> <!-- verifyHierarchyOfFoldersDisplayed -->
  <testcase classname="com.qa.dt.test.FileServicesRegression" name="verifyFileVersionHistoryandBreadcrumb" time="41.203">
    <failure type="java.lang.AssertionError" message="expected [Application] but found [PlatformReferenceApp | cTest]">
      <![CDATA[java.lang.AssertionError: expected [Application] but found [PlatformReferenceApp | cTest]
at com.qa.dt.base.BaseClass.comparetwoText(BaseClass.java:779)
at com.qa.dt.page.ProjectSelection.verifyAppProjectSelection(ProjectSelection.java:92)
at com.qa.dt.page.ProjectSelection.selectApplicationAndWorkspace(ProjectSelection.java:111)
at com.qa.dt.test.FileServicesRegression.verifyFileVersionHistoryandBreadcrumb(FileServicesRegression.java:106)
at java.base/java.util.ArrayList.forEach(ArrayList.java:1511)
... Removed 33 stack frames]]>
    </failure>
  </testcase> <!-- verifyFileVersionHistoryandBreadcrumb -->
  <testcase classname="com.qa.dt.test.FileServicesRegression" name="verifyTheDeletionOfFilesAndFolder" time="4.483">
    <failure type="java.lang.AssertionError" message="expected [200] but found [400]">
      <![CDATA[java.lang.AssertionError: expected [200] but found [400]
at com.qa.dt.page.ApiMethodsPage.createFolder(ApiMethodsPage.java:62)
at com.qa.dt.test.FileServicesRegression.verifyTheDeletionOfFilesAndFolder(FileServicesRegression.java:154)
at java.base/java.util.ArrayList.forEach(ArrayList.java:1511)
... Removed 33 stack frames]]>
    </failure>
  </testcase> <!-- verifyTheDeletionOfFilesAndFolder -->
  <testcase classname="com.qa.dt.test.FileServicesRegression" name="verifyFilterfunctionsInFileServices" time="41.218">
    <failure type="java.lang.AssertionError" message="expected [Application] but found [PlatformReferenceApp | cTest]">
      <![CDATA[java.lang.AssertionError: expected [Application] but found [PlatformReferenceApp | cTest]
at com.qa.dt.base.BaseClass.comparetwoText(BaseClass.java:779)
at com.qa.dt.page.ProjectSelection.verifyAppProjectSelection(ProjectSelection.java:92)
at com.qa.dt.page.ProjectSelection.selectApplicationAndWorkspace(ProjectSelection.java:111)
at com.qa.dt.test.FileServicesRegression.verifyFilterfunctionsInFileServices(FileServicesRegression.java:122)
at java.base/java.util.ArrayList.forEach(ArrayList.java:1511)
... Removed 33 stack frames]]>
    </failure>
  </testcase> <!-- verifyFilterfunctionsInFileServices -->
  <testcase classname="com.qa.dt.test.FileServicesRegression" name="verifySortingFunction" time="43.714">
    <failure type="java.lang.AssertionError" message="expected [Application] but found [PlatformReferenceApp | cTest]">
      <![CDATA[java.lang.AssertionError: expected [Application] but found [PlatformReferenceApp | cTest]
at com.qa.dt.base.BaseClass.comparetwoText(BaseClass.java:779)
at com.qa.dt.page.ProjectSelection.verifyAppProjectSelection(ProjectSelection.java:92)
at com.qa.dt.page.ProjectSelection.selectApplicationAndWorkspace(ProjectSelection.java:111)
at com.qa.dt.test.FileServicesRegression.verifySortingFunction(FileServicesRegression.java:135)
at java.base/java.util.ArrayList.forEach(ArrayList.java:1511)
... Removed 33 stack frames]]>
    </failure>
  </testcase> <!-- verifySortingFunction -->
  <testcase classname="com.qa.dt.test.ItemServiceRegression" name="testData" time="41.227">
    <failure type="java.lang.AssertionError" message="expected [Application] but found [PlatformReferenceApp | cTest]">
      <![CDATA[java.lang.AssertionError: expected [Application] but found [PlatformReferenceApp | cTest]
at com.qa.dt.base.BaseClass.comparetwoText(BaseClass.java:779)
at com.qa.dt.page.ProjectSelection.verifyAppProjectSelection(ProjectSelection.java:92)
at com.qa.dt.page.ProjectSelection.selectApplicationAndWorkspace(ProjectSelection.java:111)
at com.qa.dt.test.ItemServiceRegression.testData(ItemServiceRegression.java:52)
at java.base/java.util.ArrayList.forEach(ArrayList.java:1511)
... Removed 33 stack frames]]>
    </failure>
  </testcase> <!-- testData -->
  <testcase classname="com.qa.dt.test.ItemServiceRegression" name="verifyItemServicesTable" time="41.23">
    <failure type="java.lang.AssertionError" message="expected [Application] but found [PlatformReferenceApp | cTest]">
      <![CDATA[java.lang.AssertionError: expected [Application] but found [PlatformReferenceApp | cTest]
at com.qa.dt.base.BaseClass.comparetwoText(BaseClass.java:779)
at com.qa.dt.page.ProjectSelection.verifyAppProjectSelection(ProjectSelection.java:92)
at com.qa.dt.page.ProjectSelection.selectApplicationAndWorkspace(ProjectSelection.java:111)
at com.qa.dt.test.ItemServiceRegression.verifyItemServicesTable(ItemServiceRegression.java:78)
at java.base/java.util.ArrayList.forEach(ArrayList.java:1511)
... Removed 33 stack frames]]>
    </failure>
  </testcase> <!-- verifyItemServicesTable -->
  <testcase classname="com.qa.dt.test.ItemServiceRegression" name="verifyNamedUserItemsDetailsDisplayedInJSON" time="41.244">
    <failure type="java.lang.AssertionError" message="expected [Application] but found [PlatformReferenceApp | cTest]">
      <![CDATA[java.lang.AssertionError: expected [Application] but found [PlatformReferenceApp | cTest]
at com.qa.dt.base.BaseClass.comparetwoText(BaseClass.java:779)
at com.qa.dt.page.ProjectSelection.verifyAppProjectSelection(ProjectSelection.java:92)
at com.qa.dt.page.ProjectSelection.selectApplicationAndWorkspace(ProjectSelection.java:111)
at com.qa.dt.test.ItemServiceRegression.verifyNamedUserItemsDetailsDisplayedInJSON(ItemServiceRegression.java:106)
at java.base/java.util.ArrayList.forEach(ArrayList.java:1511)
... Removed 33 stack frames]]>
    </failure>
  </testcase> <!-- verifyNamedUserItemsDetailsDisplayedInJSON -->
  <testcase classname="com.qa.dt.test.ItemServiceRegression" name="verifyReferencedItemsDisplayed" time="41.166">
    <failure type="java.lang.AssertionError" message="expected [Application] but found [PlatformReferenceApp | cTest]">
      <![CDATA[java.lang.AssertionError: expected [Application] but found [PlatformReferenceApp | cTest]
at com.qa.dt.base.BaseClass.comparetwoText(BaseClass.java:779)
at com.qa.dt.page.ProjectSelection.verifyAppProjectSelection(ProjectSelection.java:92)
at com.qa.dt.page.ProjectSelection.selectApplicationAndWorkspace(ProjectSelection.java:111)
at com.qa.dt.test.ItemServiceRegression.verifyReferencedItemsDisplayed(ItemServiceRegression.java:131)
at java.base/java.util.ArrayList.forEach(ArrayList.java:1511)
... Removed 33 stack frames]]>
    </failure>
  </testcase> <!-- verifyReferencedItemsDisplayed -->
  <testcase classname="com.qa.dt.test.ItemServiceRegression" name="verifyVersionAndBreadcrumbs" time="41.169">
    <failure type="java.lang.AssertionError" message="expected [Application] but found [PlatformReferenceApp | cTest]">
      <![CDATA[java.lang.AssertionError: expected [Application] but found [PlatformReferenceApp | cTest]
at com.qa.dt.base.BaseClass.comparetwoText(BaseClass.java:779)
at com.qa.dt.page.ProjectSelection.verifyAppProjectSelection(ProjectSelection.java:92)
at com.qa.dt.page.ProjectSelection.selectApplicationAndWorkspace(ProjectSelection.java:111)
at com.qa.dt.test.ItemServiceRegression.verifyVersionAndBreadcrumbs(ItemServiceRegression.java:153)
at java.base/java.util.ArrayList.forEach(ArrayList.java:1511)
... Removed 33 stack frames]]>
    </failure>
  </testcase> <!-- verifyVersionAndBreadcrumbs -->
  <testcase classname="com.qa.dt.test.ItemServiceRegression" name="filter" time="41.23">
    <failure type="java.lang.AssertionError" message="expected [Application] but found [PlatformReferenceApp | cTest]">
      <![CDATA[java.lang.AssertionError: expected [Application] but found [PlatformReferenceApp | cTest]
at com.qa.dt.base.BaseClass.comparetwoText(BaseClass.java:779)
at com.qa.dt.page.ProjectSelection.verifyAppProjectSelection(ProjectSelection.java:92)
at com.qa.dt.page.ProjectSelection.selectApplicationAndWorkspace(ProjectSelection.java:111)
at com.qa.dt.test.ItemServiceRegression.filter(ItemServiceRegression.java:178)
at java.base/java.util.ArrayList.forEach(ArrayList.java:1511)
... Removed 33 stack frames]]>
    </failure>
  </testcase> <!-- filter -->
  <testcase classname="com.qa.dt.test.UsergroupRegression" name="testData" time="41.239">
    <failure type="java.lang.AssertionError" message="expected [Application] but found [PlatformReferenceApp | cTest]">
      <![CDATA[java.lang.AssertionError: expected [Application] but found [PlatformReferenceApp | cTest]
at com.qa.dt.base.BaseClass.comparetwoText(BaseClass.java:779)
at com.qa.dt.page.ProjectSelection.verifyAppProjectSelection(ProjectSelection.java:92)
at com.qa.dt.page.ProjectSelection.selectApplicationAndWorkspace(ProjectSelection.java:111)
at com.qa.dt.test.UsergroupRegression.testData(UsergroupRegression.java:45)
at java.base/java.util.ArrayList.forEach(ArrayList.java:1511)
... Removed 33 stack frames]]>
    </failure>
  </testcase> <!-- testData -->
  <testcase classname="com.qa.dt.test.UsergroupRegression" name="verifyUserGroupValidations" time="31.586"/>
  <testcase classname="com.qa.dt.test.UsergroupRegression" name="validateUgFunctions" time="43.296">
    <failure type="java.lang.AssertionError" message="expected [Application] but found [PlatformReferenceApp | cTest]">
      <![CDATA[java.lang.AssertionError: expected [Application] but found [PlatformReferenceApp | cTest]
at com.qa.dt.base.BaseClass.comparetwoText(BaseClass.java:779)
at com.qa.dt.page.ProjectSelection.verifyAppProjectSelection(ProjectSelection.java:92)
at com.qa.dt.page.ProjectSelection.selectApplicationAndWorkspace(ProjectSelection.java:111)
at com.qa.dt.test.UsergroupRegression.validateUgFunctions(UsergroupRegression.java:100)
at java.base/java.util.ArrayList.forEach(ArrayList.java:1511)
... Removed 33 stack frames]]>
    </failure>
  </testcase> <!-- validateUgFunctions -->
  <testcase classname="com.qa.dt.test.WorkspaceRegression" name="verifyWorkspaceTableUiValidations" time="43.875">
    <failure type="java.lang.AssertionError" message="expected [Application] but found [PlatformReferenceApp | cTest]">
      <![CDATA[java.lang.AssertionError: expected [Application] but found [PlatformReferenceApp | cTest]
at com.qa.dt.base.BaseClass.comparetwoText(BaseClass.java:779)
at com.qa.dt.page.ProjectSelection.verifyAppProjectSelection(ProjectSelection.java:92)
at com.qa.dt.page.ProjectSelection.selectApplicationAndWorkspace(ProjectSelection.java:111)
at com.qa.dt.test.WorkspaceRegression.verifyWorkspaceTableUiValidations(WorkspaceRegression.java:60)
at java.base/java.util.ArrayList.forEach(ArrayList.java:1511)
... Removed 33 stack frames]]>
    </failure>
  </testcase> <!-- verifyWorkspaceTableUiValidations -->
  <testcase classname="com.qa.dt.test.WorkspaceRegression" name="verifyWorkspaceUpdatedOrNot" time="32.328"/>
  <testcase classname="com.qa.dt.base.BaseClass" name="@AfterSuite endReport" time="0.0">
    <ignored/>
  </testcase> <!-- @AfterSuite endReport -->
  <testcase classname="com.qa.dt.base.BaseClass" name="@AfterSuite endReport" time="0.0">
    <ignored/>
  </testcase> <!-- @AfterSuite endReport -->
  <testcase classname="com.qa.dt.base.BaseClass" name="@AfterSuite endReport" time="0.0">
    <ignored/>
  </testcase> <!-- @AfterSuite endReport -->
  <testcase classname="com.qa.dt.base.BaseClass" name="@AfterSuite endReport" time="0.0">
    <ignored/>
  </testcase> <!-- @AfterSuite endReport -->
  <testcase classname="com.qa.dt.base.BaseClass" name="@AfterSuite endReport" time="0.0">
    <ignored/>
  </testcase> <!-- @AfterSuite endReport -->
  <testcase classname="com.qa.dt.base.BaseClass" name="@BeforeSuite startReport" time="0.0">
    <ignored/>
  </testcase> <!-- @BeforeSuite startReport -->
  <testcase classname="com.qa.dt.base.BaseClass" name="@BeforeSuite startReport" time="0.0">
    <ignored/>
  </testcase> <!-- @BeforeSuite startReport -->
  <testcase classname="com.qa.dt.base.BaseClass" name="@BeforeSuite startReport" time="0.0">
    <ignored/>
  </testcase> <!-- @BeforeSuite startReport -->
  <testcase classname="com.qa.dt.base.BaseClass" name="@BeforeSuite startReport" time="0.0">
    <ignored/>
  </testcase> <!-- @BeforeSuite startReport -->
  <testcase classname="com.qa.dt.base.BaseClass" name="@BeforeSuite startReport" time="0.0">
    <ignored/>
  </testcase> <!-- @BeforeSuite startReport -->
</testsuite> <!-- Console Application Regression Suite -->
