<?xml version="1.0" encoding="UTF-8"?>
<testng-results ignored="0" total="1" passed="1" failed="0" skipped="0">
  <reporter-output>
  </reporter-output>
  <suite started-at="2023-12-20T11:30:42 IST" name="Suite" finished-at="2023-12-20T11:34:28 IST" duration-ms="226280">
    <groups>
      <group name="Regression">
        <method signature="AconexRegression.verifyFilesSyncedAndImported()[pri:1, instance:com.qa.dt.test.AconexRegression@31000e60]" name="verifyFilesSyncedAndImported" class="com.qa.dt.test.AconexRegression"/>
      </group> <!-- Regression -->
    </groups>
    <test started-at="2023-12-20T11:30:42 IST" name="D-Code Application Regression Suite" finished-at="2023-12-20T11:34:28 IST" duration-ms="226280">
      <class name="com.qa.dt.test.AconexRegression">
        <test-method is-config="true" signature="startReport()[pri:0, instance:com.qa.dt.test.AconexRegression@31000e60]" started-at="2023-12-20T11:30:41 IST" name="startReport" finished-at="2023-12-20T11:30:42 IST" duration-ms="1010" status="PASS">
          <reporter-output>
          </reporter-output>
        </test-method> <!-- startReport -->
        <test-method is-config="true" signature="precondition()[pri:0, instance:com.qa.dt.test.AconexRegression@31000e60]" started-at="2023-12-20T11:30:42 IST" name="precondition" finished-at="2023-12-20T11:30:42 IST" duration-ms="420" status="PASS">
          <reporter-output>
          </reporter-output>
        </test-method> <!-- precondition -->
        <test-method signature="verifyFilesSyncedAndImported()[pri:1, instance:com.qa.dt.test.AconexRegression@31000e60]" started-at="2023-12-20T11:30:42 IST" name="verifyFilesSyncedAndImported" finished-at="2023-12-20T11:34:21 IST" duration-ms="218339" status="PASS">
          <reporter-output>
          </reporter-output>
        </test-method> <!-- verifyFilesSyncedAndImported -->
        <test-method is-config="true" signature="logout()[pri:0, instance:com.qa.dt.test.AconexRegression@31000e60]" started-at="2023-12-20T11:34:21 IST" name="logout" finished-at="2023-12-20T11:34:28 IST" duration-ms="7421" status="PASS">
          <reporter-output>
          </reporter-output>
        </test-method> <!-- logout -->
        <test-method is-config="true" signature="endReport()[pri:0, instance:com.qa.dt.test.AconexRegression@31000e60]" started-at="2023-12-20T11:34:28 IST" name="endReport" finished-at="2023-12-20T11:34:29 IST" duration-ms="612" status="PASS">
          <reporter-output>
          </reporter-output>
        </test-method> <!-- endReport -->
      </class> <!-- com.qa.dt.test.AconexRegression -->
    </test> <!-- D-Code Application Regression Suite -->
  </suite> <!-- Suite -->
</testng-results>
